SF:lib/src/ht_data_inmemory.dart
DA:44,1
DA:51,2
DA:52,2
DA:53,3
DA:54,1
DA:55,1
DA:59,2
DA:61,2
DA:62,1
DA:63,2
DA:65,2
DA:66,3
DA:85,1
DA:87,4
DA:91,1
DA:93,2
DA:95,2
DA:99,1
DA:104,2
DA:105,1
DA:106,1
DA:108,1
DA:109,1
DA:110,1
DA:114,1
DA:115,3
DA:118,1
DA:119,1
DA:122,1
DA:128,1
DA:130,1
DA:131,1
DA:134,2
DA:136,1
DA:139,1
DA:146,1
DA:148,1
DA:149,2
DA:151,1
DA:156,1
DA:159,1
DA:167,1
DA:169,1
DA:170,1
DA:173,1
DA:175,2
DA:178,1
DA:179,2
DA:183,2
DA:185,1
DA:187,2
DA:195,1
DA:197,1
DA:201,0
DA:210,1
DA:215,1
DA:218,1
DA:224,1
DA:225,1
DA:227,1
DA:229,2
DA:232,2
DA:233,1
DA:234,2
DA:240,1
DA:241,3
DA:244,1
DA:245,1
DA:248,1
DA:254,1
DA:256,1
DA:257,1
DA:259,1
DA:260,2
DA:263,1
DA:264,1
DA:268,1
DA:277,1
DA:278,4
DA:280,2
DA:281,1
DA:289,2
DA:295,1
DA:296,3
DA:299,1
DA:302,1
DA:305,2
DA:309,4
DA:311,1
LF:89
LH:88
end_of_record
