SF:lib/src/ht_data_inmemory.dart
DA:46,1
DA:60,1
DA:62,2
DA:63,2
DA:64,1
DA:65,1
DA:68,2
DA:69,4
DA:71,1
DA:75,1
DA:78,1
DA:79,2
DA:81,2
DA:86,1
DA:89,1
DA:91,3
DA:93,1
DA:96,1
DA:103,1
DA:105,1
DA:107,1
DA:110,1
DA:111,3
DA:113,2
DA:115,3
DA:123,2
DA:125,1
DA:129,0
DA:136,1
DA:139,1
DA:141,2
DA:143,2
DA:146,2
DA:147,1
DA:148,2
DA:154,2
DA:155,4
DA:157,1
DA:161,1
DA:164,1
DA:165,2
DA:166,2
DA:168,2
DA:169,2
DA:173,1
DA:177,5
DA:178,2
DA:179,1
DA:184,1
DA:189,2
DA:190,1
DA:193,1
DA:195,1
DA:196,3
DA:200,1
DA:201,1
DA:204,1
LF:57
LH:56
end_of_record
